<?xml version="1.0" encoding="UTF-8"?>
<!-- Generated by org.testng.reporters.JUnitReportReporter -->
<testsuite hostname="WIN-FFOHRV9Q2T4" name="testng.starbucks" tests="2" failures="2" timestamp="14 Dec 2015 15:45:46 GMT" time="0.938" errors="0">
  <testcase name="signIn" time="0.478" classname="testng.starbucks">
    <failure type="org.testng.TestNGException" message="
The data provider is trying to pass 3 parameters but the method testng.starbucks#signIn takes 1">
      <![CDATA[org.testng.TestNGException: 
The data provider is trying to pass 3 parameters but the method testng.starbucks#signIn takes 1
	at org.testng.internal.Invoker.injectParameters(Invoker.java:1337)
	at org.testng.internal.Invoker.invokeTestMethods(Invoker.java:1225)
	at org.testng.internal.TestMethodWorker.invokeTestMethods(TestMethodWorker.java:127)
	at org.testng.internal.TestMethodWorker.run(TestMethodWorker.java:111)
	at java.util.concurrent.ThreadPoolExecutor.runWorker(Unknown Source)
	at java.util.concurrent.ThreadPoolExecutor$Worker.run(Unknown Source)
	at java.lang.Thread.run(Unknown Source)
]]>
    </failure>
  </testcase> <!-- signIn -->
  <testcase name="signIn" time="0.460" classname="testng.starbucks">
    <failure type="org.testng.TestNGException" message="
The data provider is trying to pass 3 parameters but the method testng.starbucks#signIn takes 1">
      <![CDATA[org.testng.TestNGException: 
The data provider is trying to pass 3 parameters but the method testng.starbucks#signIn takes 1
	at org.testng.internal.Invoker.injectParameters(Invoker.java:1337)
	at org.testng.internal.Invoker.invokeTestMethods(Invoker.java:1225)
	at org.testng.internal.TestMethodWorker.invokeTestMethods(TestMethodWorker.java:127)
	at org.testng.internal.TestMethodWorker.run(TestMethodWorker.java:111)
	at java.util.concurrent.ThreadPoolExecutor.runWorker(Unknown Source)
	at java.util.concurrent.ThreadPoolExecutor$Worker.run(Unknown Source)
	at java.lang.Thread.run(Unknown Source)
]]>
    </failure>
  </testcase> <!-- signIn -->
</testsuite> <!-- testng.starbucks -->
