<?xml version="1.0" encoding="UTF-8"?>
<!-- Generated by org.testng.reporters.JUnitReportReporter -->
<testsuite hostname="WIN-FFOHRV9Q2T4" name="testng.SignIn" tests="4" failures="0" timestamp="14 Dec 2015 15:24:10 GMT" time="442.823" errors="0">
  <testcase name="signIn" time="22.914" classname="testng.SignIn"/>
  <testcase name="signIn" time="144.085" classname="testng.SignIn"/>
  <testcase name="signIn" time="193.272" classname="testng.SignIn"/>
  <testcase name="signIn" time="82.552" classname="testng.SignIn"/>
</testsuite> <!-- testng.SignIn -->
